<?xml version="1.0" encoding="UTF-8"?>
<testng-results skipped="0" failed="0" ignored="0" total="1" passed="1">
  <reporter-output>
  </reporter-output>
  <suite name="Default suite" duration-ms="12171" started-at="2022-05-06T22:22:18 IST" finished-at="2022-05-06T22:22:30 IST">
    <groups>
    </groups>
    <test name="Default test" duration-ms="12171" started-at="2022-05-06T22:22:18 IST" finished-at="2022-05-06T22:22:30 IST">
      <class name="NGassigmnent.NGclass">
        <test-method status="PASS" signature="testing()[pri:0, instance:NGassigmnent.NGclass@51cdd8a]" name="testing" duration-ms="12133" started-at="2022-05-06T22:22:18 IST" finished-at="2022-05-06T22:22:30 IST">
          <reporter-output>
          </reporter-output>
        </test-method> <!-- testing -->
      </class> <!-- NGassigmnent.NGclass -->
    </test> <!-- Default test -->
  </suite> <!-- Default suite -->
</testng-results>
